Picked up JAVA_TOOL_OPTIONS: -javaagent:/usr/share/java/jayatanaag.jar 
2015-12-20 05:13:15.046+0000 INFO  [API] Setting startup timeout to: 120000ms based on 120000
2015-12-20 05:13:21.471+0000 INFO  [API] Successfully started database
2015-12-20 05:13:21.756+0000 INFO  [API] Starting HTTP on port :8000 with 2 threads available
13:13:22.385 [main] INFO  org.eclipse.jetty.util.log - Logging initialized @13828ms
2015-12-20 05:13:22.462+0000 INFO  [API] Mounting static content at [/webadmin] from [webadmin-html]
2015-12-20 05:13:22.574+0000 INFO  [API] Mounting static content at [/browser] from [browser]
13:13:22.587 [main] INFO  org.eclipse.jetty.server.Server - jetty-9.2.4.v20141103
13:13:22.656 [main] INFO  o.e.j.server.handler.ContextHandler - Started o.e.j.s.h.MovedContextHandler@23cdd235{/,null,AVAILABLE}
13:13:22.786 [main] INFO  o.e.j.w.StandardDescriptorProcessor - NO JSP Support for /webadmin, did not find org.apache.jasper.servlet.JspServlet
13:13:22.825 [main] INFO  o.e.j.server.handler.ContextHandler - Started o.e.j.w.WebAppContext@2afdbec9{/webadmin,jar:file:/home/ellfae/Dropbox/to_deploy/myapp/db/neo4j/development/system/lib/neo4j-server-2.2.7-static-web.jar!/webadmin-html,AVAILABLE}
13:13:25.387 [main] INFO  o.e.j.server.handler.ContextHandler - Started o.e.j.s.ServletContextHandler@8677ce7{/db/manage,null,AVAILABLE}
13:13:26.137 [main] INFO  o.e.j.server.handler.ContextHandler - Started o.e.j.s.ServletContextHandler@7de80404{/db/data,null,AVAILABLE}
13:13:26.208 [main] INFO  o.e.j.w.StandardDescriptorProcessor - NO JSP Support for /browser, did not find org.apache.jasper.servlet.JspServlet
13:13:26.227 [main] INFO  o.e.j.server.handler.ContextHandler - Started o.e.j.w.WebAppContext@6ecfdef1{/browser,jar:file:/home/ellfae/Dropbox/to_deploy/myapp/db/neo4j/development/system/lib/neo4j-browser-2.2.7.jar!/browser,AVAILABLE}
13:13:26.845 [main] INFO  o.e.j.server.handler.ContextHandler - Started o.e.j.s.ServletContextHandler@8cf7d3f{/,null,AVAILABLE}
13:13:26.960 [main] INFO  o.e.jetty.server.ServerConnector - Started ServerConnector@3a25eb9d{HTTP/1.1}{localhost:8000}
13:13:26.964 [main] INFO  org.eclipse.jetty.server.Server - Started @18416ms
2015-12-20 05:13:26.968+0000 INFO  [API] Server started on: http://localhost:8000/
2015-12-20 05:13:26.991+0000 INFO  [API] Remote interface ready and available at [http://localhost:8000/]
2015-12-28 11:46:44.171+0000 INFO  [API] Neo4j Server shutdown initiated by request
19:46:44.270 [Thread-11] INFO  o.e.jetty.server.ServerConnector - Stopped ServerConnector@3a25eb9d{HTTP/1.1}{localhost:8000}
19:46:44.299 [Thread-11] INFO  o.e.j.server.handler.ContextHandler - Stopped o.e.j.s.ServletContextHandler@8cf7d3f{/,null,UNAVAILABLE}
19:46:44.373 [Thread-11] INFO  o.e.j.server.handler.ContextHandler - Stopped o.e.j.w.WebAppContext@6ecfdef1{/browser,jar:file:/home/ellfae/Dropbox/to_deploy/myapp/db/neo4j/development/system/lib/neo4j-browser-2.2.7.jar!/browser,UNAVAILABLE}
19:46:44.392 [Thread-11] INFO  o.e.j.server.handler.ContextHandler - Stopped o.e.j.s.ServletContextHandler@7de80404{/db/data,null,UNAVAILABLE}
19:46:44.395 [Thread-11] INFO  o.e.j.server.handler.ContextHandler - Stopped o.e.j.s.ServletContextHandler@8677ce7{/db/manage,null,UNAVAILABLE}
19:46:44.414 [Thread-11] INFO  o.e.j.server.handler.ContextHandler - Stopped o.e.j.w.WebAppContext@2afdbec9{/webadmin,jar:file:/home/ellfae/Dropbox/to_deploy/myapp/db/neo4j/development/system/lib/neo4j-server-2.2.7-static-web.jar!/webadmin-html,UNAVAILABLE}
19:46:44.419 [Thread-11] INFO  o.e.j.server.handler.ContextHandler - Stopped o.e.j.s.h.MovedContextHandler@23cdd235{/,null,UNAVAILABLE}
2015-12-28 11:46:44.455+0000 INFO  [API] Successfully shutdown Neo4j Server.
2015-12-28 11:46:44.993+0000 INFO  [API] Successfully stopped database
2015-12-28 11:46:44.993+0000 INFO  [API] Successfully shutdown database.
Picked up JAVA_TOOL_OPTIONS: -javaagent:/usr/share/java/jayatanaag.jar 
2015-12-28 11:47:11.629+0000 INFO  [API] Setting startup timeout to: 120000ms based on 120000
2015-12-28 11:47:23.696+0000 INFO  [API] Successfully started database
2015-12-28 11:47:24.170+0000 INFO  [API] Starting HTTP on port :8000 with 2 threads available
19:47:25.235 [main] INFO  org.eclipse.jetty.util.log - Logging initialized @18638ms
2015-12-28 11:47:25.471+0000 INFO  [API] Mounting static content at [/webadmin] from [webadmin-html]
2015-12-28 11:47:25.750+0000 INFO  [API] Mounting static content at [/browser] from [browser]
19:47:25.764 [main] INFO  org.eclipse.jetty.server.Server - jetty-9.2.4.v20141103
19:47:25.876 [main] INFO  o.e.j.server.handler.ContextHandler - Started o.e.j.s.h.MovedContextHandler@611dc778{/,null,AVAILABLE}
19:47:26.304 [main] INFO  o.e.j.w.StandardDescriptorProcessor - NO JSP Support for /webadmin, did not find org.apache.jasper.servlet.JspServlet
19:47:26.387 [main] INFO  o.e.j.server.handler.ContextHandler - Started o.e.j.w.WebAppContext@761a89c2{/webadmin,jar:file:/home/ellfae/Dropbox/to_deploy/myapp/db/neo4j/development/system/lib/neo4j-server-2.2.7-static-web.jar!/webadmin-html,AVAILABLE}
19:47:29.652 [main] INFO  o.e.j.server.handler.ContextHandler - Started o.e.j.s.ServletContextHandler@461ae85f{/db/manage,null,AVAILABLE}
19:47:30.764 [main] INFO  o.e.j.server.handler.ContextHandler - Started o.e.j.s.ServletContextHandler@59a4718c{/db/data,null,AVAILABLE}
19:47:30.824 [main] INFO  o.e.j.w.StandardDescriptorProcessor - NO JSP Support for /browser, did not find org.apache.jasper.servlet.JspServlet
19:47:30.844 [main] INFO  o.e.j.server.handler.ContextHandler - Started o.e.j.w.WebAppContext@5e8153d7{/browser,jar:file:/home/ellfae/Dropbox/to_deploy/myapp/db/neo4j/development/system/lib/neo4j-browser-2.2.7.jar!/browser,AVAILABLE}
19:47:32.357 [main] INFO  o.e.j.server.handler.ContextHandler - Started o.e.j.s.ServletContextHandler@6b93c07a{/,null,AVAILABLE}
19:47:32.533 [main] INFO  o.e.jetty.server.ServerConnector - Started ServerConnector@1bc1a05{HTTP/1.1}{localhost:8000}
19:47:32.544 [main] INFO  org.eclipse.jetty.server.Server - Started @26010ms
2015-12-28 11:47:32.552+0000 INFO  [API] Server started on: http://localhost:8000/
2015-12-28 11:47:32.553+0000 INFO  [API] Remote interface ready and available at [http://localhost:8000/]
2016-01-02 15:00:45.175+0000 INFO  [API] Neo4j Server shutdown initiated by request
23:00:45.300 [Thread-11] INFO  o.e.jetty.server.ServerConnector - Stopped ServerConnector@1bc1a05{HTTP/1.1}{localhost:8000}
23:00:45.341 [Thread-11] INFO  o.e.j.server.handler.ContextHandler - Stopped o.e.j.s.ServletContextHandler@6b93c07a{/,null,UNAVAILABLE}
23:00:45.374 [Thread-11] INFO  o.e.j.server.handler.ContextHandler - Stopped o.e.j.w.WebAppContext@5e8153d7{/browser,jar:file:/home/ellfae/Dropbox/to_deploy/myapp/db/neo4j/development/system/lib/neo4j-browser-2.2.7.jar!/browser,UNAVAILABLE}
23:00:45.382 [Thread-11] INFO  o.e.j.server.handler.ContextHandler - Stopped o.e.j.s.ServletContextHandler@59a4718c{/db/data,null,UNAVAILABLE}
23:00:45.387 [Thread-11] INFO  o.e.j.server.handler.ContextHandler - Stopped o.e.j.s.ServletContextHandler@461ae85f{/db/manage,null,UNAVAILABLE}
23:00:45.399 [Thread-11] INFO  o.e.j.server.handler.ContextHandler - Stopped o.e.j.w.WebAppContext@761a89c2{/webadmin,jar:file:/home/ellfae/Dropbox/to_deploy/myapp/db/neo4j/development/system/lib/neo4j-server-2.2.7-static-web.jar!/webadmin-html,UNAVAILABLE}
23:00:45.403 [Thread-11] INFO  o.e.j.server.handler.ContextHandler - Stopped o.e.j.s.h.MovedContextHandler@611dc778{/,null,UNAVAILABLE}
2016-01-02 15:00:45.440+0000 INFO  [API] Successfully shutdown Neo4j Server.
2016-01-02 15:00:46.036+0000 INFO  [API] Successfully stopped database
2016-01-02 15:00:46.036+0000 INFO  [API] Successfully shutdown database.
Picked up JAVA_TOOL_OPTIONS: -javaagent:/usr/share/java/jayatanaag.jar 
2016-01-02 15:01:12.164+0000 INFO  [API] Setting startup timeout to: 120000ms based on 120000
2016-01-02 15:01:19.134+0000 INFO  [API] Successfully started database
2016-01-02 15:01:19.347+0000 INFO  [API] Starting HTTP on port :8000 with 2 threads available
23:01:19.901 [main] INFO  org.eclipse.jetty.util.log - Logging initialized @11289ms
2016-01-02 15:01:20.082+0000 INFO  [API] Mounting static content at [/webadmin] from [webadmin-html]
2016-01-02 15:01:20.284+0000 INFO  [API] Mounting static content at [/browser] from [browser]
23:01:20.301 [main] INFO  org.eclipse.jetty.server.Server - jetty-9.2.4.v20141103
23:01:20.442 [main] INFO  o.e.j.server.handler.ContextHandler - Started o.e.j.s.h.MovedContextHandler@64262a19{/,null,AVAILABLE}
23:01:20.708 [main] INFO  o.e.j.w.StandardDescriptorProcessor - NO JSP Support for /webadmin, did not find org.apache.jasper.servlet.JspServlet
23:01:20.814 [main] INFO  o.e.j.server.handler.ContextHandler - Started o.e.j.w.WebAppContext@4f101625{/webadmin,jar:file:/home/ellfae/Dropbox/to_deploy/myapp/db/neo4j/development/system/lib/neo4j-server-2.2.7-static-web.jar!/webadmin-html,AVAILABLE}
23:01:23.827 [main] INFO  o.e.j.server.handler.ContextHandler - Started o.e.j.s.ServletContextHandler@535007df{/db/manage,null,AVAILABLE}
23:01:26.826 [main] INFO  o.e.j.server.handler.ContextHandler - Started o.e.j.s.ServletContextHandler@5f3f093{/db/data,null,AVAILABLE}
23:01:26.958 [main] INFO  o.e.j.w.StandardDescriptorProcessor - NO JSP Support for /browser, did not find org.apache.jasper.servlet.JspServlet
23:01:26.976 [main] INFO  o.e.j.server.handler.ContextHandler - Started o.e.j.w.WebAppContext@69f481e{/browser,jar:file:/home/ellfae/Dropbox/to_deploy/myapp/db/neo4j/development/system/lib/neo4j-browser-2.2.7.jar!/browser,AVAILABLE}
23:01:28.929 [main] INFO  o.e.j.server.handler.ContextHandler - Started o.e.j.s.ServletContextHandler@c6b3e9f{/,null,AVAILABLE}
23:01:29.149 [main] INFO  o.e.jetty.server.ServerConnector - Started ServerConnector@6c5b850{HTTP/1.1}{localhost:8000}
23:01:29.157 [main] INFO  org.eclipse.jetty.server.Server - Started @20570ms
2016-01-02 15:01:29.196+0000 INFO  [API] Server started on: http://localhost:8000/
2016-01-02 15:01:29.207+0000 INFO  [API] Remote interface ready and available at [http://localhost:8000/]
2016-01-04 05:13:16.619+0000 INFO  [API] Setting startup timeout to: 120000ms based on 120000
Detected incorrectly shut down database, performing recovery..
2016-01-04 05:13:20.104+0000 INFO  [API] Successfully started database
2016-01-04 05:13:20.221+0000 INFO  [API] Starting HTTP on port :8000 with 4 threads available
13:13:20.680 [main] INFO  org.eclipse.jetty.util.log - Logging initialized @5346ms
2016-01-04 05:13:20.781+0000 INFO  [API] Mounting static content at [/webadmin] from [webadmin-html]
2016-01-04 05:13:20.875+0000 INFO  [API] Mounting static content at [/browser] from [browser]
13:13:20.880 [main] INFO  org.eclipse.jetty.server.Server - jetty-9.2.4.v20141103
13:13:20.935 [main] INFO  o.e.j.server.handler.ContextHandler - Started o.e.j.s.h.MovedContextHandler@2c607453{/,null,AVAILABLE}
13:13:21.041 [main] INFO  o.e.j.w.StandardDescriptorProcessor - NO JSP Support for /webadmin, did not find org.apache.jasper.servlet.JspServlet
13:13:21.068 [main] INFO  o.e.j.server.handler.ContextHandler - Started o.e.j.w.WebAppContext@6f391ac1{/webadmin,jar:file:/Users/ellfae/Dropbox/to_deploy/myapp/db/neo4j/development/system/lib/neo4j-server-2.2.7-static-web.jar!/webadmin-html,AVAILABLE}
13:13:21.902 [main] INFO  o.e.j.server.handler.ContextHandler - Started o.e.j.s.ServletContextHandler@7e08d8d2{/db/manage,null,AVAILABLE}
13:13:22.254 [main] INFO  o.e.j.server.handler.ContextHandler - Started o.e.j.s.ServletContextHandler@3e02d636{/db/data,null,AVAILABLE}
13:13:22.278 [main] INFO  o.e.j.w.StandardDescriptorProcessor - NO JSP Support for /browser, did not find org.apache.jasper.servlet.JspServlet
13:13:22.279 [main] INFO  o.e.j.server.handler.ContextHandler - Started o.e.j.w.WebAppContext@660ab705{/browser,jar:file:/Users/ellfae/Dropbox/to_deploy/myapp/db/neo4j/development/system/lib/neo4j-browser-2.2.7.jar!/browser,AVAILABLE}
13:13:22.425 [main] INFO  o.e.j.server.handler.ContextHandler - Started o.e.j.s.ServletContextHandler@3c5606e7{/,null,AVAILABLE}
13:13:22.470 [main] INFO  o.e.jetty.server.ServerConnector - Started ServerConnector@34c10a9d{HTTP/1.1}{localhost:8000}
13:13:22.470 [main] INFO  org.eclipse.jetty.server.Server - Started @7146ms
2016-01-04 05:13:22.470+0000 INFO  [API] Server started on: http://localhost:8000/
2016-01-04 05:13:22.471+0000 INFO  [API] Remote interface ready and available at [http://localhost:8000/]
15:02:27.813 [qtp555384009-45] WARN  org.eclipse.jetty.http.HttpParser - badMessage: 400 Illegal character 0x0 in state=METHOD in 'JRMI\x00<<<\x02K>>> /db/data/ HTTP/1...\x00\x00\x00\x00\x00\x00\x00\x00\x00\x00\x00\x00\x00\x00\x00' for HttpChannelOverHttp@6875df5f{r=0,c=false,a=IDLE,uri=-}
15:05:57.925 [qtp555384009-43] WARN  org.eclipse.jetty.http.HttpParser - badMessage: 400 Illegal character 0x0 in state=METHOD in 'JRMI\x00<<<\x02K>>> /db/data/ HTTP/1...\x00\x00\x00\x00\x00\x00\x00\x00\x00\x00\x00\x00\x00\x00\x00' for HttpChannelOverHttp@48ef9bce{r=0,c=false,a=IDLE,uri=-}
2016-01-04 08:30:25.329+0000 INFO  [API] Neo4j Server shutdown initiated by request
16:30:25.337 [Thread-17] INFO  o.e.jetty.server.ServerConnector - Stopped ServerConnector@34c10a9d{HTTP/1.1}{localhost:8000}
16:30:25.339 [Thread-17] INFO  o.e.j.server.handler.ContextHandler - Stopped o.e.j.s.ServletContextHandler@3c5606e7{/,null,UNAVAILABLE}
16:30:25.341 [Thread-17] INFO  o.e.j.server.handler.ContextHandler - Stopped o.e.j.w.WebAppContext@660ab705{/browser,jar:file:/Users/ellfae/Dropbox/to_deploy/myapp/db/neo4j/development/system/lib/neo4j-browser-2.2.7.jar!/browser,UNAVAILABLE}
16:30:25.342 [Thread-17] INFO  o.e.j.server.handler.ContextHandler - Stopped o.e.j.s.ServletContextHandler@3e02d636{/db/data,null,UNAVAILABLE}
16:30:25.342 [Thread-17] INFO  o.e.j.server.handler.ContextHandler - Stopped o.e.j.s.ServletContextHandler@7e08d8d2{/db/manage,null,UNAVAILABLE}
16:30:25.344 [Thread-17] INFO  o.e.j.server.handler.ContextHandler - Stopped o.e.j.w.WebAppContext@6f391ac1{/webadmin,jar:file:/Users/ellfae/Dropbox/to_deploy/myapp/db/neo4j/development/system/lib/neo4j-server-2.2.7-static-web.jar!/webadmin-html,UNAVAILABLE}
16:30:25.344 [Thread-17] INFO  o.e.j.server.handler.ContextHandler - Stopped o.e.j.s.h.MovedContextHandler@2c607453{/,null,UNAVAILABLE}
2016-01-04 08:30:25.350+0000 INFO  [API] Successfully shutdown Neo4j Server.
2016-01-04 08:30:25.443+0000 INFO  [API] Successfully stopped database
2016-01-04 08:30:25.443+0000 INFO  [API] Successfully shutdown database.
Picked up JAVA_TOOL_OPTIONS: -javaagent:/usr/share/java/jayatanaag.jar 
2016-01-05 20:40:12.383+0000 INFO  [API] Setting startup timeout to: 120000ms based on 120000
2016-01-05 20:40:23.872+0000 INFO  [API] Successfully started database
2016-01-05 20:40:24.286+0000 INFO  [API] Starting HTTP on port :8000 with 2 threads available
04:40:25.456 [main] INFO  org.eclipse.jetty.util.log - Logging initialized @17478ms
2016-01-05 20:40:25.712+0000 INFO  [API] Mounting static content at [/webadmin] from [webadmin-html]
2016-01-05 20:40:25.949+0000 INFO  [API] Mounting static content at [/browser] from [browser]
04:40:26.000 [main] INFO  org.eclipse.jetty.server.Server - jetty-9.2.4.v20141103
04:40:26.227 [main] INFO  o.e.j.server.handler.ContextHandler - Started o.e.j.s.h.MovedContextHandler@66e94d7{/,null,AVAILABLE}
04:40:26.571 [main] INFO  o.e.j.w.StandardDescriptorProcessor - NO JSP Support for /webadmin, did not find org.apache.jasper.servlet.JspServlet
04:40:26.675 [main] INFO  o.e.j.server.handler.ContextHandler - Started o.e.j.w.WebAppContext@1ac09b45{/webadmin,jar:file:/home/ellfae/Dropbox/to_deploy/myapp/db/neo4j/development/system/lib/neo4j-server-2.2.7-static-web.jar!/webadmin-html,AVAILABLE}
04:40:29.206 [main] INFO  o.e.j.server.handler.ContextHandler - Started o.e.j.s.ServletContextHandler@321c1f75{/db/manage,null,AVAILABLE}
04:40:30.523 [main] INFO  o.e.j.server.handler.ContextHandler - Started o.e.j.s.ServletContextHandler@a383bbb{/db/data,null,AVAILABLE}
04:40:30.658 [main] INFO  o.e.j.w.StandardDescriptorProcessor - NO JSP Support for /browser, did not find org.apache.jasper.servlet.JspServlet
04:40:30.675 [main] INFO  o.e.j.server.handler.ContextHandler - Started o.e.j.w.WebAppContext@2701e2ec{/browser,jar:file:/home/ellfae/Dropbox/to_deploy/myapp/db/neo4j/development/system/lib/neo4j-browser-2.2.7.jar!/browser,AVAILABLE}
04:40:31.273 [main] INFO  o.e.j.server.handler.ContextHandler - Started o.e.j.s.ServletContextHandler@642e9017{/,null,AVAILABLE}
04:40:31.390 [main] INFO  o.e.jetty.server.ServerConnector - Started ServerConnector@4da7f5dc{HTTP/1.1}{localhost:8000}
04:40:31.393 [main] INFO  org.eclipse.jetty.server.Server - Started @23433ms
2016-01-05 20:40:31.395+0000 INFO  [API] Server started on: http://localhost:8000/
2016-01-05 20:40:31.405+0000 INFO  [API] Remote interface ready and available at [http://localhost:8000/]
2016-01-06 00:36:25.113+0000 INFO  [API] Neo4j Server shutdown initiated by request
08:36:25.224 [Thread-11] INFO  o.e.jetty.server.ServerConnector - Stopped ServerConnector@4da7f5dc{HTTP/1.1}{localhost:8000}
08:36:25.255 [Thread-11] INFO  o.e.j.server.handler.ContextHandler - Stopped o.e.j.s.ServletContextHandler@642e9017{/,null,UNAVAILABLE}
08:36:25.283 [Thread-11] INFO  o.e.j.server.handler.ContextHandler - Stopped o.e.j.w.WebAppContext@2701e2ec{/browser,jar:file:/home/ellfae/Dropbox/to_deploy/myapp/db/neo4j/development/system/lib/neo4j-browser-2.2.7.jar!/browser,UNAVAILABLE}
08:36:25.325 [Thread-11] INFO  o.e.j.server.handler.ContextHandler - Stopped o.e.j.s.ServletContextHandler@a383bbb{/db/data,null,UNAVAILABLE}
08:36:25.328 [Thread-11] INFO  o.e.j.server.handler.ContextHandler - Stopped o.e.j.s.ServletContextHandler@321c1f75{/db/manage,null,UNAVAILABLE}
08:36:25.338 [Thread-11] INFO  o.e.j.server.handler.ContextHandler - Stopped o.e.j.w.WebAppContext@1ac09b45{/webadmin,jar:file:/home/ellfae/Dropbox/to_deploy/myapp/db/neo4j/development/system/lib/neo4j-server-2.2.7-static-web.jar!/webadmin-html,UNAVAILABLE}
08:36:25.339 [Thread-11] INFO  o.e.j.server.handler.ContextHandler - Stopped o.e.j.s.h.MovedContextHandler@66e94d7{/,null,UNAVAILABLE}
2016-01-06 00:36:25.359+0000 INFO  [API] Successfully shutdown Neo4j Server.
2016-01-06 00:36:25.940+0000 INFO  [API] Successfully stopped database
2016-01-06 00:36:25.940+0000 INFO  [API] Successfully shutdown database.
Picked up JAVA_TOOL_OPTIONS: -javaagent:/usr/share/java/jayatanaag.jar 
2016-01-06 00:36:32.557+0000 INFO  [API] Setting startup timeout to: 120000ms based on 120000
2016-01-06 00:36:45.386+0000 INFO  [API] Successfully started database
2016-01-06 00:36:45.736+0000 INFO  [API] Starting HTTP on port :8000 with 2 threads available
08:36:47.826 [main] INFO  org.eclipse.jetty.util.log - Logging initialized @19764ms
2016-01-06 00:36:48.058+0000 INFO  [API] Mounting static content at [/webadmin] from [webadmin-html]
2016-01-06 00:36:48.228+0000 INFO  [API] Mounting static content at [/browser] from [browser]
08:36:48.237 [main] INFO  org.eclipse.jetty.server.Server - jetty-9.2.4.v20141103
08:36:48.311 [main] INFO  o.e.j.server.handler.ContextHandler - Started o.e.j.s.h.MovedContextHandler@66e94d7{/,null,AVAILABLE}
08:36:48.459 [main] INFO  o.e.j.w.StandardDescriptorProcessor - NO JSP Support for /webadmin, did not find org.apache.jasper.servlet.JspServlet
08:36:48.493 [main] INFO  o.e.j.server.handler.ContextHandler - Started o.e.j.w.WebAppContext@1ac09b45{/webadmin,jar:file:/home/ellfae/Dropbox/to_deploy/myapp/db/neo4j/development/system/lib/neo4j-server-2.2.7-static-web.jar!/webadmin-html,AVAILABLE}
08:36:51.335 [main] INFO  o.e.j.server.handler.ContextHandler - Started o.e.j.s.ServletContextHandler@321c1f75{/db/manage,null,AVAILABLE}
08:36:52.530 [main] INFO  o.e.j.server.handler.ContextHandler - Started o.e.j.s.ServletContextHandler@a383bbb{/db/data,null,AVAILABLE}
08:36:52.652 [main] INFO  o.e.j.w.StandardDescriptorProcessor - NO JSP Support for /browser, did not find org.apache.jasper.servlet.JspServlet
08:36:52.670 [main] INFO  o.e.j.server.handler.ContextHandler - Started o.e.j.w.WebAppContext@2701e2ec{/browser,jar:file:/home/ellfae/Dropbox/to_deploy/myapp/db/neo4j/development/system/lib/neo4j-browser-2.2.7.jar!/browser,AVAILABLE}
08:36:53.373 [main] INFO  o.e.j.server.handler.ContextHandler - Started o.e.j.s.ServletContextHandler@642e9017{/,null,AVAILABLE}
08:36:53.493 [main] INFO  o.e.jetty.server.ServerConnector - Started ServerConnector@64fe4f02{HTTP/1.1}{localhost:8000}
08:36:53.494 [main] INFO  org.eclipse.jetty.server.Server - Started @25503ms
2016-01-06 00:36:53.501+0000 INFO  [API] Server started on: http://localhost:8000/
2016-01-06 00:36:53.508+0000 INFO  [API] Remote interface ready and available at [http://localhost:8000/]
Picked up JAVA_TOOL_OPTIONS: -javaagent:/usr/share/java/jayatanaag.jar 
2016-01-07 14:44:15.017+0000 INFO  [API] Setting startup timeout to: 120000ms based on 120000
Detected incorrectly shut down database, performing recovery..
2016-01-07 14:44:27.434+0000 INFO  [API] Successfully started database
2016-01-07 14:44:28.138+0000 INFO  [API] Starting HTTP on port :8000 with 2 threads available
22:44:29.406 [main] INFO  org.eclipse.jetty.util.log - Logging initialized @19265ms
2016-01-07 14:44:29.622+0000 INFO  [API] Mounting static content at [/webadmin] from [webadmin-html]
2016-01-07 14:44:29.914+0000 INFO  [API] Mounting static content at [/browser] from [browser]
22:44:29.927 [main] INFO  org.eclipse.jetty.server.Server - jetty-9.2.4.v20141103
22:44:30.087 [main] INFO  o.e.j.server.handler.ContextHandler - Started o.e.j.s.h.MovedContextHandler@1a14ff88{/,null,AVAILABLE}
22:44:30.342 [main] INFO  o.e.j.w.StandardDescriptorProcessor - NO JSP Support for /webadmin, did not find org.apache.jasper.servlet.JspServlet
22:44:30.404 [main] INFO  o.e.j.server.handler.ContextHandler - Started o.e.j.w.WebAppContext@a05563a{/webadmin,jar:file:/home/ellfae/Dropbox/to_deploy/myapp/db/neo4j/development/system/lib/neo4j-server-2.2.7-static-web.jar!/webadmin-html,AVAILABLE}
22:44:33.918 [main] INFO  o.e.j.server.handler.ContextHandler - Started o.e.j.s.ServletContextHandler@61edea37{/db/manage,null,AVAILABLE}
22:44:35.813 [main] INFO  o.e.j.server.handler.ContextHandler - Started o.e.j.s.ServletContextHandler@fa4793f{/db/data,null,AVAILABLE}
22:44:35.923 [main] INFO  o.e.j.w.StandardDescriptorProcessor - NO JSP Support for /browser, did not find org.apache.jasper.servlet.JspServlet
22:44:35.934 [main] INFO  o.e.j.server.handler.ContextHandler - Started o.e.j.w.WebAppContext@7456dae{/browser,jar:file:/home/ellfae/Dropbox/to_deploy/myapp/db/neo4j/development/system/lib/neo4j-browser-2.2.7.jar!/browser,AVAILABLE}
22:44:36.688 [main] INFO  o.e.j.server.handler.ContextHandler - Started o.e.j.s.ServletContextHandler@1cfc802c{/,null,AVAILABLE}
22:44:36.784 [main] INFO  o.e.jetty.server.ServerConnector - Started ServerConnector@1049ed32{HTTP/1.1}{localhost:8000}
22:44:36.788 [main] INFO  org.eclipse.jetty.server.Server - Started @26693ms
2016-01-07 14:44:36.809+0000 INFO  [API] Server started on: http://localhost:8000/
2016-01-07 14:44:36.810+0000 INFO  [API] Remote interface ready and available at [http://localhost:8000/]
2016-01-09 08:44:25.827+0000 INFO  [API] Neo4j Server shutdown initiated by request
16:44:26.064 [Thread-14] INFO  o.e.jetty.server.ServerConnector - Stopped ServerConnector@1049ed32{HTTP/1.1}{localhost:8000}
16:44:26.107 [Thread-14] INFO  o.e.j.server.handler.ContextHandler - Stopped o.e.j.s.ServletContextHandler@1cfc802c{/,null,UNAVAILABLE}
16:44:26.139 [Thread-14] INFO  o.e.j.server.handler.ContextHandler - Stopped o.e.j.w.WebAppContext@7456dae{/browser,jar:file:/home/ellfae/Dropbox/to_deploy/myapp/db/neo4j/development/system/lib/neo4j-browser-2.2.7.jar!/browser,UNAVAILABLE}
16:44:26.159 [Thread-14] INFO  o.e.j.server.handler.ContextHandler - Stopped o.e.j.s.ServletContextHandler@fa4793f{/db/data,null,UNAVAILABLE}
16:44:26.160 [Thread-14] INFO  o.e.j.server.handler.ContextHandler - Stopped o.e.j.s.ServletContextHandler@61edea37{/db/manage,null,UNAVAILABLE}
16:44:26.181 [Thread-14] INFO  o.e.j.server.handler.ContextHandler - Stopped o.e.j.w.WebAppContext@a05563a{/webadmin,jar:file:/home/ellfae/Dropbox/to_deploy/myapp/db/neo4j/development/system/lib/neo4j-server-2.2.7-static-web.jar!/webadmin-html,UNAVAILABLE}
16:44:26.182 [Thread-14] INFO  o.e.j.server.handler.ContextHandler - Stopped o.e.j.s.h.MovedContextHandler@1a14ff88{/,null,UNAVAILABLE}
2016-01-09 08:44:26.205+0000 INFO  [API] Successfully shutdown Neo4j Server.
2016-01-09 08:44:26.891+0000 INFO  [API] Successfully stopped database
2016-01-09 08:44:26.891+0000 INFO  [API] Successfully shutdown database.
Picked up JAVA_TOOL_OPTIONS: -javaagent:/usr/share/java/jayatanaag.jar 
2016-01-09 08:44:37.168+0000 INFO  [API] Setting startup timeout to: 120000ms based on 120000
2016-01-09 08:44:56.108+0000 INFO  [API] Successfully started database
2016-01-09 08:44:56.809+0000 INFO  [API] Starting HTTP on port :8000 with 2 threads available
16:45:00.416 [main] INFO  org.eclipse.jetty.util.log - Logging initialized @29386ms
2016-01-09 08:45:01.458+0000 INFO  [API] Mounting static content at [/webadmin] from [webadmin-html]
2016-01-09 08:45:01.832+0000 INFO  [API] Mounting static content at [/browser] from [browser]
16:45:02.046 [main] INFO  org.eclipse.jetty.server.Server - jetty-9.2.4.v20141103
16:45:02.401 [main] INFO  o.e.j.server.handler.ContextHandler - Started o.e.j.s.h.MovedContextHandler@31db2898{/,null,AVAILABLE}
16:45:03.323 [main] INFO  o.e.j.w.StandardDescriptorProcessor - NO JSP Support for /webadmin, did not find org.apache.jasper.servlet.JspServlet
16:45:03.424 [main] INFO  o.e.j.server.handler.ContextHandler - Started o.e.j.w.WebAppContext@113edf44{/webadmin,jar:file:/home/ellfae/Dropbox/to_deploy/myapp/db/neo4j/development/system/lib/neo4j-server-2.2.7-static-web.jar!/webadmin-html,AVAILABLE}
16:45:08.464 [main] INFO  o.e.j.server.handler.ContextHandler - Started o.e.j.s.ServletContextHandler@550d5f44{/db/manage,null,AVAILABLE}
16:45:10.393 [main] INFO  o.e.j.server.handler.ContextHandler - Started o.e.j.s.ServletContextHandler@52117e8{/db/data,null,AVAILABLE}
16:45:10.716 [main] INFO  o.e.j.w.StandardDescriptorProcessor - NO JSP Support for /browser, did not find org.apache.jasper.servlet.JspServlet
16:45:10.833 [main] INFO  o.e.j.server.handler.ContextHandler - Started o.e.j.w.WebAppContext@5ec2fac8{/browser,jar:file:/home/ellfae/Dropbox/to_deploy/myapp/db/neo4j/development/system/lib/neo4j-browser-2.2.7.jar!/browser,AVAILABLE}
16:45:12.966 [main] INFO  o.e.j.server.handler.ContextHandler - Started o.e.j.s.ServletContextHandler@48bff07d{/,null,AVAILABLE}
16:45:13.151 [main] INFO  o.e.jetty.server.ServerConnector - Started ServerConnector@74c895ef{HTTP/1.1}{localhost:8000}
16:45:13.152 [main] INFO  org.eclipse.jetty.server.Server - Started @42154ms
2016-01-09 08:45:13.159+0000 INFO  [API] Server started on: http://localhost:8000/
2016-01-09 08:45:13.161+0000 INFO  [API] Remote interface ready and available at [http://localhost:8000/]
